[debug] [2022-09-25T05:11:50.010Z] ----------------------------------------------------------------------
[debug] [2022-09-25T05:11:50.013Z] Command:       C:\Program Files\nodejs\node.exe C:\Users\AV\AppData\Roaming\npm\node_modules\firebase-tools\lib\bin\firebase.js init
[debug] [2022-09-25T05:11:50.014Z] CLI Version:   11.10.0
[debug] [2022-09-25T05:11:50.014Z] Platform:      win32
[debug] [2022-09-25T05:11:50.014Z] Node Version:  v16.16.0
[debug] [2022-09-25T05:11:50.017Z] Time:          Sun Sep 25 2022 10:41:50 GMT+0530 (India Standard Time)
[debug] [2022-09-25T05:11:50.018Z] ----------------------------------------------------------------------
[debug] 
[debug] [2022-09-25T05:11:50.031Z] > command requires scopes: ["email","openid","https://www.googleapis.com/auth/cloudplatformprojects.readonly","https://www.googleapis.com/auth/firebase","https://www.googleapis.com/auth/cloud-platform"]
[debug] [2022-09-25T05:11:50.032Z] > authorizing via signed-in user (avinashkr9155107111@gmail.com)
[info] 
     ######## #### ########  ######## ########     ###     ######  ########
     ##        ##  ##     ## ##       ##     ##  ##   ##  ##       ##
     ######    ##  ########  ######   ########  #########  ######  ######
     ##        ##  ##    ##  ##       ##     ## ##     ##       ## ##
     ##       #### ##     ## ######## ########  ##     ##  ######  ########

You're about to initialize a Firebase project in this directory:

  C:\Users\AV\OneDrive\Desktop\react-task-firebase

[info] 
=== Project Setup
[info] 
[info] First, let's associate this project directory with a Firebase project.
[info] You can create multiple project aliases by running firebase use --add, 
[info] but for now we'll just set up a default project.
[info] 
[debug] [2022-09-25T05:14:27.083Z] >>> [apiv2][query] GET https://firebase.googleapis.com/v1beta1/projects pageSize=100
[debug] [2022-09-25T05:14:28.021Z] <<< [apiv2][status] GET https://firebase.googleapis.com/v1beta1/projects 200
[debug] [2022-09-25T05:14:28.022Z] <<< [apiv2][body] GET https://firebase.googleapis.com/v1beta1/projects [omitted]
[info] i  Using project react-coding-task-79bc1 (React-coding-task) 
[info] 
=== Hosting Setup
[info] 
[info] Your public directory is the folder (relative to your project directory) that
[info] will contain Hosting assets to be uploaded with firebase deploy. If you
[info] have a build process for your assets, use your build's output directory.
[info] 
[info] +  Wrote public/404.html 
[debug] [2022-09-25T05:15:42.350Z] >>> [apiv2][query] GET https://www.gstatic.com/firebasejs/releases.json [none]
[debug] [2022-09-25T05:15:42.535Z] <<< [apiv2][status] GET https://www.gstatic.com/firebasejs/releases.json 200
[debug] [2022-09-25T05:15:42.535Z] <<< [apiv2][body] GET https://www.gstatic.com/firebasejs/releases.json {"current":{"version":"9.10.0","browserURL":"https://www.gstatic.com/firebasejs/9.10.0/firebase.js","packageURL":"https://www.gstatic.com/firebasejs/9.10.0/firebase.tgz"},"live":{"version":"9.10","browserURL":"https://www.gstatic.com/firebasejs/live/9.10/firebase.js","packageURL":"https://www.gstatic.com/firebasejs/live/9.10/firebase.tgz"},"components":{"analytics":"https://www.gstatic.com/firebasejs/9.10.0/firebase-analytics.js","app":"https://www.gstatic.com/firebasejs/9.10.0/firebase-app.js","app-check":"https://www.gstatic.com/firebasejs/9.10.0/firebase-app-check.js","auth":"https://www.gstatic.com/firebasejs/9.10.0/firebase-auth.js","auth/cordova":"https://www.gstatic.com/firebasejs/9.10.0/firebase-auth/cordova.js","auth/react-native":"https://www.gstatic.com/firebasejs/9.10.0/firebase-auth/react-native.js","functions":"https://www.gstatic.com/firebasejs/9.10.0/firebase-functions.js","firestore":"https://www.gstatic.com/firebasejs/9.10.0/firebase-firestore.js","firestore/lite":"https://www.gstatic.com/firebasejs/9.10.0/firebase-firestore/lite.js","installations":"https://www.gstatic.com/firebasejs/9.10.0/firebase-installations.js","storage":"https://www.gstatic.com/firebasejs/9.10.0/firebase-storage.js","performance":"https://www.gstatic.com/firebasejs/9.10.0/firebase-performance.js","remote-config":"https://www.gstatic.com/firebasejs/9.10.0/firebase-remote-config.js","messaging":"https://www.gstatic.com/firebasejs/9.10.0/firebase-messaging.js","messaging/sw":"https://www.gstatic.com/firebasejs/9.10.0/firebase-messaging/sw.js","database":"https://www.gstatic.com/firebasejs/9.10.0/firebase-database.js","firestore.memory":"https://www.gstatic.com/firebasejs/9.10.0/firebase-firestore.memory.js"}}
[info] +  Wrote public/index.html 
[info] 
[info] i  Detected a .git folder at C:\Users\AV 
[info] i  Authorizing with GitHub to upload your service account to a GitHub repository's secrets store. 
[info] 
[info] Visit this URL on this device to log in:
[info] https://github.com/login/oauth/authorize?client_id=89cf50f02ac6aaed3484&state=925635371&redirect_uri=http%3A%2F%2Flocalhost%3A9005&scope=read%3Auser%20repo%20public_repo
[info] 
[info] Waiting for authentication...
[debug] [2022-09-25T05:17:54.906Z] >>> [apiv2][query] POST https://github.com/login/oauth/access_token [none]
[debug] [2022-09-25T05:17:54.906Z] >>> [apiv2][body] POST https://github.com/login/oauth/access_token [stream]
[debug] [2022-09-25T05:17:55.457Z] <<< [apiv2][status] POST https://github.com/login/oauth/access_token 200
[debug] [2022-09-25T05:17:55.457Z] <<< [apiv2][body] POST https://github.com/login/oauth/access_token {"access_token":"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","token_type":"bearer","scope":"read:user,repo"}
[debug] [2022-09-25T05:17:55.471Z] >>> [apiv2][query] GET https://api.github.com/user [none]
[debug] [2022-09-25T05:17:55.976Z] <<< [apiv2][status] GET https://api.github.com/user 200
[debug] [2022-09-25T05:17:55.977Z] <<< [apiv2][body] GET https://api.github.com/user {"login":"Avinash1271","id":83566354,"node_id":"MDQ6VXNlcjgzNTY2MzU0","avatar_url":"https://avatars.githubusercontent.com/u/83566354?v=4","gravatar_id":"","url":"https://api.github.com/users/Avinash1271","html_url":"https://github.com/Avinash1271","followers_url":"https://api.github.com/users/Avinash1271/followers","following_url":"https://api.github.com/users/Avinash1271/following{/other_user}","gists_url":"https://api.github.com/users/Avinash1271/gists{/gist_id}","starred_url":"https://api.github.com/users/Avinash1271/starred{/owner}{/repo}","subscriptions_url":"https://api.github.com/users/Avinash1271/subscriptions","organizations_url":"https://api.github.com/users/Avinash1271/orgs","repos_url":"https://api.github.com/users/Avinash1271/repos","events_url":"https://api.github.com/users/Avinash1271/events{/privacy}","received_events_url":"https://api.github.com/users/Avinash1271/received_events","type":"User","site_admin":false,"name":null,"company":null,"blog":"","location":null,"email":null,"hireable":null,"bio":null,"twitter_username":null,"public_repos":16,"public_gists":0,"followers":2,"following":2,"created_at":"2021-05-03T03:49:39Z","updated_at":"2022-08-26T12:35:16Z","private_gists":0,"total_private_repos":0,"owned_private_repos":0,"disk_usage":61834,"collaborators":0,"two_factor_authentication":false,"plan":{"name":"pro","space":976562499,"collaborators":0,"private_repos":9999}}
[info] 
[info] +  Success! Logged into GitHub as Avinash1271 
[info] 
